# JRE version: OpenJDK Runtime Environment (8.0_242-b01) (build 1.8.0_242-release-1644-b01)
# Java VM: OpenJDK 64-Bit Server VM (25.242-b01 mixed mode windows-amd64 compressed oops)
Heap:
 PSYoungGen      total 79360K, used 34007K [0x00000000d5580000, 0x00000000dcd00000, 0x0000000100000000)
  eden space 72192K, 47% used [0x00000000d5580000,0x00000000d76b5d70,0x00000000d9c00000)
  from space 7168K, 0% used [0x00000000d9c00000,0x00000000d9c00000,0x00000000da300000)
  to   space 7168K, 0% used [0x00000000dc600000,0x00000000dc600000,0x00000000dcd00000)
 ParOldGen       total 53248K, used 15886K [0x0000000080000000, 0x0000000083400000, 0x00000000d5580000)
  object space 53248K, 29% used [0x0000000080000000,0x0000000080f83a38,0x0000000083400000)
 Metaspace       used 36066K, capacity 37356K, committed 37544K, reserved 1081344K
  class space    used 4950K, capacity 5239K, committed 5296K, reserved 1048576K
GC Heap History (10 events):
Event: 15.021 GC heap before
{Heap before GC invocations=11 (full 1):
 PSYoungGen      total 57344K, used 3281K [0x00000000d5580000, 0x00000000d9380000, 0x0000000100000000)
  eden space 51200K, 0% used [0x00000000d5580000,0x00000000d5580000,0x00000000d8780000)
  from space 6144K, 53% used [0x00000000d8d80000,0x00000000d90b4448,0x00000000d9380000)
  to   space 6144K, 0% used [0x00000000d8780000,0x00000000d8780000,0x00000000d8d80000)
 ParOldGen       total 44032K, used 7495K [0x0000000080000000, 0x0000000082b00000, 0x00000000d5580000)
  object space 44032K, 17% used [0x0000000080000000,0x0000000080751c28,0x0000000082b00000)
 Metaspace       used 20590K, capacity 21224K, committed 21296K, reserved 1067008K
  class space    used 2872K, capacity 3076K, committed 3120K, reserved 1048576K
Event: 15.093 GC heap after
Heap after GC invocations=11 (full 1):
 PSYoungGen      total 57344K, used 0K [0x00000000d5580000, 0x00000000d9380000, 0x0000000100000000)
  eden space 51200K, 0% used [0x00000000d5580000,0x00000000d5580000,0x00000000d8780000)
  from space 6144K, 0% used [0x00000000d8d80000,0x00000000d8d80000,0x00000000d9380000)
  to   space 6144K, 0% used [0x00000000d8780000,0x00000000d8780000,0x00000000d8d80000)
 ParOldGen       total 31232K, used 8069K [0x0000000080000000, 0x0000000081e80000, 0x00000000d5580000)
  object space 31232K, 25% used [0x0000000080000000,0x00000000807e16c8,0x0000000081e80000)
 Metaspace       used 20590K, capacity 21224K, committed 21296K, reserved 1067008K
  class space    used 2872K, capacity 3076K, committed 3120K, reserved 1048576K
}
Event: 16.891 GC heap before
{Heap before GC invocations=12 (full 1):
 PSYoungGen      total 57344K, used 51200K [0x00000000d5580000, 0x00000000d9380000, 0x0000000100000000)
  eden space 51200K, 100% used [0x00000000d5580000,0x00000000d8780000,0x00000000d8780000)
  from space 6144K, 0% used [0x00000000d8d80000,0x00000000d8d80000,0x00000000d9380000)
  to   space 6144K, 0% used [0x00000000d8780000,0x00000000d8780000,0x00000000d8d80000)
 ParOldGen       total 31232K, used 8069K [0x0000000080000000, 0x0000000081e80000, 0x00000000d5580000)
  object space 31232K, 25% used [0x0000000080000000,0x00000000807e16c8,0x0000000081e80000)
 Metaspace       used 25478K, capacity 26258K, committed 26416K, reserved 1071104K
  class space    used 3549K, capacity 3775K, committed 3888K, reserved 1048576K
Event: 16.902 GC heap after
Heap after GC invocations=12 (full 1):
 PSYoungGen      total 57344K, used 5776K [0x00000000d5580000, 0x00000000daa00000, 0x0000000100000000)
  eden space 51200K, 0% used [0x00000000d5580000,0x00000000d5580000,0x00000000d8780000)
  from space 6144K, 94% used [0x00000000d8780000,0x00000000d8d24168,0x00000000d8d80000)
  to   space 6656K, 0% used [0x00000000da380000,0x00000000da380000,0x00000000daa00000)
 ParOldGen       total 31232K, used 8077K [0x0000000080000000, 0x0000000081e80000, 0x00000000d5580000)
  object space 31232K, 25% used [0x0000000080000000,0x00000000807e36c8,0x0000000081e80000)
 Metaspace       used 25478K, capacity 26258K, committed 26416K, reserved 1071104K
  class space    used 3549K, capacity 3775K, committed 3888K, reserved 1048576K
}
Event: 19.239 GC heap before
{Heap before GC invocations=13 (full 1):
 PSYoungGen      total 57344K, used 56976K [0x00000000d5580000, 0x00000000daa00000, 0x0000000100000000)
  eden space 51200K, 100% used [0x00000000d5580000,0x00000000d8780000,0x00000000d8780000)
  from space 6144K, 94% used [0x00000000d8780000,0x00000000d8d24168,0x00000000d8d80000)
  to   space 6656K, 0% used [0x00000000da380000,0x00000000da380000,0x00000000daa00000)
 ParOldGen       total 31232K, used 8077K [0x0000000080000000, 0x0000000081e80000, 0x00000000d5580000)
  object space 31232K, 25% used [0x0000000080000000,0x00000000807e36c8,0x0000000081e80000)
 Metaspace       used 31958K, capacity 32982K, committed 33072K, reserved 1077248K
  class space    used 4356K, capacity 4638K, committed 4656K, reserved 1048576K
Event: 19.254 GC heap after
Heap after GC invocations=13 (full 1):
 PSYoungGen      total 78848K, used 6359K [0x00000000d5580000, 0x00000000daa00000, 0x0000000100000000)
  eden space 72192K, 0% used [0x00000000d5580000,0x00000000d5580000,0x00000000d9c00000)
  from space 6656K, 95% used [0x00000000da380000,0x00000000da9b5d18,0x00000000daa00000)
  to   space 7168K, 0% used [0x00000000d9c00000,0x00000000d9c00000,0x00000000da300000)
 ParOldGen       total 31232K, used 9911K [0x0000000080000000, 0x0000000081e80000, 0x00000000d5580000)
  object space 31232K, 31% used [0x0000000080000000,0x00000000809adc60,0x0000000081e80000)
 Metaspace       used 31958K, capacity 32982K, committed 33072K, reserved 1077248K
  class space    used 4356K, capacity 4638K, committed 4656K, reserved 1048576K
}
Event: 20.635 GC heap before
{Heap before GC invocations=14 (full 1):
 PSYoungGen      total 78848K, used 63704K [0x00000000d5580000, 0x00000000daa00000, 0x0000000100000000)
  eden space 72192K, 79% used [0x00000000d5580000,0x00000000d8d805c0,0x00000000d9c00000)
  from space 6656K, 95% used [0x00000000da380000,0x00000000da9b5d18,0x00000000daa00000)
  to   space 7168K, 0% used [0x00000000d9c00000,0x00000000d9c00000,0x00000000da300000)
 ParOldGen       total 31232K, used 9911K [0x0000000080000000, 0x0000000081e80000, 0x00000000d5580000)
  object space 31232K, 31% used [0x0000000080000000,0x00000000809adc60,0x0000000081e80000)
 Metaspace       used 34338K, capacity 35412K, committed 35496K, reserved 1079296K
  class space    used 4722K, capacity 5001K, committed 5040K, reserved 1048576K
Event: 20.720 GC heap after
Heap after GC invocations=14 (full 1):
 PSYoungGen      total 79360K, used 4746K [0x00000000d5580000, 0x00000000dcd00000, 0x0000000100000000)
  eden space 72192K, 0% used [0x00000000d5580000,0x00000000d5580000,0x00000000d9c00000)
  from space 7168K, 66% used [0x00000000d9c00000,0x00000000da0a28c0,0x00000000da300000)
  to   space 7168K, 0% used [0x00000000dc600000,0x00000000dc600000,0x00000000dcd00000)
 ParOldGen       total 31232K, used 12926K [0x0000000080000000, 0x0000000081e80000, 0x00000000d5580000)
  object space 31232K, 41% used [0x0000000080000000,0x0000000080c9fb60,0x0000000081e80000)
 Metaspace       used 34338K, capacity 35412K, committed 35496K, reserved 1079296K
  class space    used 4722K, capacity 5001K, committed 5040K, reserved 1048576K
}
Event: 20.720 GC heap before
{Heap before GC invocations=15 (full 2):
 PSYoungGen      total 79360K, used 4746K [0x00000000d5580000, 0x00000000dcd00000, 0x0000000100000000)
  eden space 72192K, 0% used [0x00000000d5580000,0x00000000d5580000,0x00000000d9c00000)
  from space 7168K, 66% used [0x00000000d9c00000,0x00000000da0a28c0,0x00000000da300000)
  to   space 7168K, 0% used [0x00000000dc600000,0x00000000dc600000,0x00000000dcd00000)
 ParOldGen       total 31232K, used 12926K [0x0000000080000000, 0x0000000081e80000, 0x00000000d5580000)
  object space 31232K, 41% used [0x0000000080000000,0x0000000080c9fb60,0x0000000081e80000)
 Metaspace       used 34338K, capacity 35412K, committed 35496K, reserved 1079296K
  class space    used 4722K, capacity 5001K, committed 5040K, reserved 1048576K
Event: 21.145 GC heap after
Heap after GC invocations=15 (full 2):
 PSYoungGen      total 79360K, used 0K [0x00000000d5580000, 0x00000000dcd00000, 0x0000000100000000)
  eden space 72192K, 0% used [0x00000000d5580000,0x00000000d5580000,0x00000000d9c00000)
  from space 7168K, 0% used [0x00000000d9c00000,0x00000000d9c00000,0x00000000da300000)
  to   space 7168K, 0% used [0x00000000dc600000,0x00000000dc600000,0x00000000dcd00000)
 ParOldGen       total 53248K, used 15886K [0x0000000080000000, 0x0000000083400000, 0x00000000d5580000)
  object space 53248K, 29% used [0x0000000080000000,0x0000000080f83a38,0x0000000083400000)
 Metaspace       used 34338K, capacity 35412K, committed 35496K, reserved 1079296K
  class space    used 4722K, capacity 5001K, committed 5040K, reserved 1048576K
}

