# JRE version: OpenJDK Runtime Environment (8.0_242-b01) (build 1.8.0_242-release-1644-b01)
# Java VM: OpenJDK 64-Bit Server VM (25.242-b01 mixed mode windows-amd64 compressed oops)
Heap:
 PSYoungGen      total 72704K, used 36460K [0x00000000d5580000, 0x00000000db100000, 0x0000000100000000)
  eden space 67072K, 45% used [0x00000000d5580000,0x00000000d739edf0,0x00000000d9700000)
  from space 5632K, 99% used [0x00000000d9700000,0x00000000d9c7c378,0x00000000d9c80000)
  to   space 7680K, 0% used [0x00000000da980000,0x00000000da980000,0x00000000db100000)
 ParOldGen       total 46080K, used 17708K [0x0000000080000000, 0x0000000082d00000, 0x00000000d5580000)
  object space 46080K, 38% used [0x0000000080000000,0x000000008114b3d8,0x0000000082d00000)
 Metaspace       used 45542K, capacity 47342K, committed 47448K, reserved 1089536K
  class space    used 6140K, capacity 6477K, committed 6528K, reserved 1048576K
GC Heap History (10 events):
Event: 21.885 GC heap before
{Heap before GC invocations=17 (full 1):
 PSYoungGen      total 41472K, used 39364K [0x00000000d5580000, 0x00000000d9000000, 0x0000000100000000)
  eden space 35840K, 100% used [0x00000000d5580000,0x00000000d7880000,0x00000000d7880000)
  from space 5632K, 62% used [0x00000000d7880000,0x00000000d7bf12b8,0x00000000d7e00000)
  to   space 5120K, 0% used [0x00000000d8b00000,0x00000000d8b00000,0x00000000d9000000)
 ParOldGen       total 32256K, used 12170K [0x0000000080000000, 0x0000000081f80000, 0x00000000d5580000)
  object space 32256K, 37% used [0x0000000080000000,0x0000000080be2910,0x0000000081f80000)
 Metaspace       used 33823K, capacity 34876K, committed 35200K, reserved 1079296K
  class space    used 4628K, capacity 4893K, committed 4992K, reserved 1048576K
Event: 21.914 GC heap after
Heap after GC invocations=17 (full 1):
 PSYoungGen      total 54784K, used 3176K [0x00000000d5580000, 0x00000000d9080000, 0x0000000100000000)
  eden space 49664K, 0% used [0x00000000d5580000,0x00000000d5580000,0x00000000d8600000)
  from space 5120K, 62% used [0x00000000d8b00000,0x00000000d8e1a2a0,0x00000000d9000000)
  to   space 5120K, 0% used [0x00000000d8600000,0x00000000d8600000,0x00000000d8b00000)
 ParOldGen       total 32256K, used 13450K [0x0000000080000000, 0x0000000081f80000, 0x00000000d5580000)
  object space 32256K, 41% used [0x0000000080000000,0x0000000080d22940,0x0000000081f80000)
 Metaspace       used 33823K, capacity 34876K, committed 35200K, reserved 1079296K
  class space    used 4628K, capacity 4893K, committed 4992K, reserved 1048576K
}
Event: 22.134 GC heap before
{Heap before GC invocations=18 (full 1):
 PSYoungGen      total 54784K, used 13751K [0x00000000d5580000, 0x00000000d9080000, 0x0000000100000000)
  eden space 49664K, 21% used [0x00000000d5580000,0x00000000d5fd3ad8,0x00000000d8600000)
  from space 5120K, 62% used [0x00000000d8b00000,0x00000000d8e1a2a0,0x00000000d9000000)
  to   space 5120K, 0% used [0x00000000d8600000,0x00000000d8600000,0x00000000d8b00000)
 ParOldGen       total 32256K, used 13450K [0x0000000080000000, 0x0000000081f80000, 0x00000000d5580000)
  object space 32256K, 41% used [0x0000000080000000,0x0000000080d22940,0x0000000081f80000)
 Metaspace       used 34290K, capacity 35380K, committed 35416K, reserved 1079296K
  class space    used 4714K, capacity 4969K, committed 4992K, reserved 1048576K
Event: 22.175 GC heap after
Heap after GC invocations=18 (full 1):
 PSYoungGen      total 54784K, used 736K [0x00000000d5580000, 0x00000000da300000, 0x0000000100000000)
  eden space 49664K, 0% used [0x00000000d5580000,0x00000000d5580000,0x00000000d8600000)
  from space 5120K, 14% used [0x00000000d8600000,0x00000000d86b8000,0x00000000d8b00000)
  to   space 5632K, 0% used [0x00000000d9d80000,0x00000000d9d80000,0x00000000da300000)
 ParOldGen       total 32256K, used 15402K [0x0000000080000000, 0x0000000081f80000, 0x00000000d5580000)
  object space 32256K, 47% used [0x0000000080000000,0x0000000080f0a980,0x0000000081f80000)
 Metaspace       used 34290K, capacity 35380K, committed 35416K, reserved 1079296K
  class space    used 4714K, capacity 4969K, committed 4992K, reserved 1048576K
}
Event: 22.175 GC heap before
{Heap before GC invocations=19 (full 2):
 PSYoungGen      total 54784K, used 736K [0x00000000d5580000, 0x00000000da300000, 0x0000000100000000)
  eden space 49664K, 0% used [0x00000000d5580000,0x00000000d5580000,0x00000000d8600000)
  from space 5120K, 14% used [0x00000000d8600000,0x00000000d86b8000,0x00000000d8b00000)
  to   space 5632K, 0% used [0x00000000d9d80000,0x00000000d9d80000,0x00000000da300000)
 ParOldGen       total 32256K, used 15402K [0x0000000080000000, 0x0000000081f80000, 0x00000000d5580000)
  object space 32256K, 47% used [0x0000000080000000,0x0000000080f0a980,0x0000000081f80000)
 Metaspace       used 34290K, capacity 35380K, committed 35416K, reserved 1079296K
  class space    used 4714K, capacity 4969K, committed 4992K, reserved 1048576K
Event: 22.406 GC heap after
Heap after GC invocations=19 (full 2):
 PSYoungGen      total 54784K, used 0K [0x00000000d5580000, 0x00000000da300000, 0x0000000100000000)
  eden space 49664K, 0% used [0x00000000d5580000,0x00000000d5580000,0x00000000d8600000)
  from space 5120K, 0% used [0x00000000d8600000,0x00000000d8600000,0x00000000d8b00000)
  to   space 5632K, 0% used [0x00000000d9d80000,0x00000000d9d80000,0x00000000da300000)
 ParOldGen       total 46080K, used 14336K [0x0000000080000000, 0x0000000082d00000, 0x00000000d5580000)
  object space 46080K, 31% used [0x0000000080000000,0x0000000080e00000,0x0000000082d00000)
 Metaspace       used 34290K, capacity 35380K, committed 35416K, reserved 1079296K
  class space    used 4714K, capacity 4969K, committed 4992K, reserved 1048576K
}
Event: 24.738 GC heap before
{Heap before GC invocations=20 (full 2):
 PSYoungGen      total 54784K, used 49664K [0x00000000d5580000, 0x00000000da300000, 0x0000000100000000)
  eden space 49664K, 100% used [0x00000000d5580000,0x00000000d8600000,0x00000000d8600000)
  from space 5120K, 0% used [0x00000000d8600000,0x00000000d8600000,0x00000000d8b00000)
  to   space 5632K, 0% used [0x00000000d9d80000,0x00000000d9d80000,0x00000000da300000)
 ParOldGen       total 46080K, used 14336K [0x0000000080000000, 0x0000000082d00000, 0x00000000d5580000)
  object space 46080K, 31% used [0x0000000080000000,0x0000000080e00000,0x0000000082d00000)
 Metaspace       used 36393K, capacity 37796K, committed 38104K, reserved 1081344K
  class space    used 4987K, capacity 5287K, committed 5376K, reserved 1048576K
Event: 24.746 GC heap after
Heap after GC invocations=20 (full 2):
 PSYoungGen      total 67584K, used 4270K [0x00000000d5580000, 0x00000000da200000, 0x0000000100000000)
  eden space 62976K, 0% used [0x00000000d5580000,0x00000000d5580000,0x00000000d9300000)
  from space 4608K, 92% used [0x00000000d9d80000,0x00000000da1ab908,0x00000000da200000)
  to   space 5632K, 0% used [0x00000000d9700000,0x00000000d9700000,0x00000000d9c80000)
 ParOldGen       total 46080K, used 14344K [0x0000000080000000, 0x0000000082d00000, 0x00000000d5580000)
  object space 46080K, 31% used [0x0000000080000000,0x0000000080e02000,0x0000000082d00000)
 Metaspace       used 36393K, capacity 37796K, committed 38104K, reserved 1081344K
  class space    used 4987K, capacity 5287K, committed 5376K, reserved 1048576K
}
Event: 28.724 GC heap before
{Heap before GC invocations=21 (full 2):
 PSYoungGen      total 67584K, used 67246K [0x00000000d5580000, 0x00000000da200000, 0x0000000100000000)
  eden space 62976K, 100% used [0x00000000d5580000,0x00000000d9300000,0x00000000d9300000)
  from space 4608K, 92% used [0x00000000d9d80000,0x00000000da1ab908,0x00000000da200000)
  to   space 5632K, 0% used [0x00000000d9700000,0x00000000d9700000,0x00000000d9c80000)
 ParOldGen       total 46080K, used 14344K [0x0000000080000000, 0x0000000082d00000, 0x00000000d5580000)
  object space 46080K, 31% used [0x0000000080000000,0x0000000080e02000,0x0000000082d00000)
 Metaspace       used 41323K, capacity 43076K, committed 43352K, reserved 1087488K
  class space    used 5637K, capacity 6008K, committed 6016K, reserved 1048576K
Event: 28.746 GC heap after
Heap after GC invocations=21 (full 2):
 PSYoungGen      total 72704K, used 5616K [0x00000000d5580000, 0x00000000db100000, 0x0000000100000000)
  eden space 67072K, 0% used [0x00000000d5580000,0x00000000d5580000,0x00000000d9700000)
  from space 5632K, 99% used [0x00000000d9700000,0x00000000d9c7c378,0x00000000d9c80000)
  to   space 7680K, 0% used [0x00000000da980000,0x00000000da980000,0x00000000db100000)
 ParOldGen       total 46080K, used 17708K [0x0000000080000000, 0x0000000082d00000, 0x00000000d5580000)
  object space 46080K, 38% used [0x0000000080000000,0x000000008114b3d8,0x0000000082d00000)
 Metaspace       used 41323K, capacity 43076K, committed 43352K, reserved 1087488K
  class space    used 5637K, capacity 6008K, committed 6016K, reserved 1048576K
}

